# JRE version: Java(TM) SE Runtime Environment (8.0_05-b13) (build 1.8.0_05-b13)
# Java VM: Java HotSpot(TM) 64-Bit Server VM (25.5-b02 mixed mode windows-amd64 compressed oops)
Heap:
 PSYoungGen      total 111104K, used 70552K [0x00000000eab00000, 0x00000000f2780000, 0x0000000100000000)
  eden space 96256K, 57% used [0x00000000eab00000,0x00000000ee16d7b8,0x00000000f0900000)
  from space 14848K, 99% used [0x00000000f0900000,0x00000000f1778c18,0x00000000f1780000)
  to   space 13312K, 0% used [0x00000000f1780000,0x00000000f1780000,0x00000000f2480000)
 ParOldGen       total 129536K, used 57878K [0x00000000c0000000, 0x00000000c7e80000, 0x00000000eab00000)
  object space 129536K, 44% used [0x00000000c0000000,0x00000000c3885b60,0x00000000c7e80000)
 Metaspace       used 6253K, capacity 7128K, committed 7424K, reserved 1056768K
  class space    used 620K, capacity 656K, committed 768K, reserved 1048576K
GC Heap History (10 events):
Event: 3.329 GC heap before
{Heap before GC invocations=17 (full 0):
 PSYoungGen      total 56320K, used 56189K [0x00000000eab00000, 0x00000000eea80000, 0x0000000100000000)
  eden space 50688K, 100% used [0x00000000eab00000,0x00000000edc80000,0x00000000edc80000)
  from space 5632K, 97% used [0x00000000ee300000,0x00000000ee85f620,0x00000000ee880000)
  to   space 6656K, 0% used [0x00000000edc80000,0x00000000edc80000,0x00000000ee300000)
 ParOldGen       total 129536K, used 16992K [0x00000000c0000000, 0x00000000c7e80000, 0x00000000eab00000)
  object space 129536K, 13% used [0x00000000c0000000,0x00000000c10981f0,0x00000000c7e80000)
 Metaspace       used 6164K, capacity 7064K, committed 7424K, reserved 1056768K
  class space    used 619K, capacity 656K, committed 768K, reserved 1048576K
Event: 3.356 GC heap after
Heap after GC invocations=17 (full 0):
 PSYoungGen      total 57344K, used 6656K [0x00000000eab00000, 0x00000000f0480000, 0x0000000100000000)
  eden space 50688K, 0% used [0x00000000eab00000,0x00000000eab00000,0x00000000edc80000)
  from space 6656K, 100% used [0x00000000edc80000,0x00000000ee300000,0x00000000ee300000)
  to   space 10240K, 0% used [0x00000000efa80000,0x00000000efa80000,0x00000000f0480000)
 ParOldGen       total 129536K, used 23286K [0x00000000c0000000, 0x00000000c7e80000, 0x00000000eab00000)
  object space 129536K, 17% used [0x00000000c0000000,0x00000000c16bd978,0x00000000c7e80000)
 Metaspace       used 6164K, capacity 7064K, committed 7424K, reserved 1056768K
  class space    used 619K, capacity 656K, committed 768K, reserved 1048576K
}
Event: 3.798 GC heap before
{Heap before GC invocations=18 (full 0):
 PSYoungGen      total 57344K, used 57344K [0x00000000eab00000, 0x00000000f0480000, 0x0000000100000000)
  eden space 50688K, 100% used [0x00000000eab00000,0x00000000edc80000,0x00000000edc80000)
  from space 6656K, 100% used [0x00000000edc80000,0x00000000ee300000,0x00000000ee300000)
  to   space 10240K, 0% used [0x00000000efa80000,0x00000000efa80000,0x00000000f0480000)
 ParOldGen       total 129536K, used 23286K [0x00000000c0000000, 0x00000000c7e80000, 0x00000000eab00000)
  object space 129536K, 17% used [0x00000000c0000000,0x00000000c16bd978,0x00000000c7e80000)
 Metaspace       used 6206K, capacity 7128K, committed 7424K, reserved 1056768K
  class space    used 619K, capacity 656K, committed 768K, reserved 1048576K
Event: 3.816 GC heap after
Heap after GC invocations=18 (full 0):
 PSYoungGen      total 79872K, used 8820K [0x00000000eab00000, 0x00000000f0780000, 0x0000000100000000)
  eden space 69632K, 0% used [0x00000000eab00000,0x00000000eab00000,0x00000000eef00000)
  from space 10240K, 86% used [0x00000000efa80000,0x00000000f031d0c8,0x00000000f0480000)
  to   space 11776K, 0% used [0x00000000eef00000,0x00000000eef00000,0x00000000efa80000)
 ParOldGen       total 129536K, used 29528K [0x00000000c0000000, 0x00000000c7e80000, 0x00000000eab00000)
  object space 129536K, 22% used [0x00000000c0000000,0x00000000c1cd63a8,0x00000000c7e80000)
 Metaspace       used 6206K, capacity 7128K, committed 7424K, reserved 1056768K
  class space    used 619K, capacity 656K, committed 768K, reserved 1048576K
}
Event: 4.509 GC heap before
{Heap before GC invocations=19 (full 0):
 PSYoungGen      total 79872K, used 78452K [0x00000000eab00000, 0x00000000f0780000, 0x0000000100000000)
  eden space 69632K, 100% used [0x00000000eab00000,0x00000000eef00000,0x00000000eef00000)
  from space 10240K, 86% used [0x00000000efa80000,0x00000000f031d0c8,0x00000000f0480000)
  to   space 11776K, 0% used [0x00000000eef00000,0x00000000eef00000,0x00000000efa80000)
 ParOldGen       total 129536K, used 29528K [0x00000000c0000000, 0x00000000c7e80000, 0x00000000eab00000)
  object space 129536K, 22% used [0x00000000c0000000,0x00000000c1cd63a8,0x00000000c7e80000)
 Metaspace       used 6235K, capacity 7128K, committed 7424K, reserved 1056768K
  class space    used 620K, capacity 656K, committed 768K, reserved 1048576K
Event: 4.659 GC heap after
Heap after GC invocations=19 (full 0):
 PSYoungGen      total 81408K, used 10521K [0x00000000eab00000, 0x00000000f2480000, 0x0000000100000000)
  eden space 69632K, 0% used [0x00000000eab00000,0x00000000eab00000,0x00000000eef00000)
  from space 11776K, 89% used [0x00000000eef00000,0x00000000ef946548,0x00000000efa80000)
  to   space 13312K, 0% used [0x00000000f1780000,0x00000000f1780000,0x00000000f2480000)
 ParOldGen       total 129536K, used 37622K [0x00000000c0000000, 0x00000000c7e80000, 0x00000000eab00000)
  object space 129536K, 29% used [0x00000000c0000000,0x00000000c24bd870,0x00000000c7e80000)
 Metaspace       used 6235K, capacity 7128K, committed 7424K, reserved 1056768K
  class space    used 620K, capacity 656K, committed 768K, reserved 1048576K
}
Event: 5.246 GC heap before
{Heap before GC invocations=20 (full 0):
 PSYoungGen      total 81408K, used 80153K [0x00000000eab00000, 0x00000000f2480000, 0x0000000100000000)
  eden space 69632K, 100% used [0x00000000eab00000,0x00000000eef00000,0x00000000eef00000)
  from space 11776K, 89% used [0x00000000eef00000,0x00000000ef946548,0x00000000efa80000)
  to   space 13312K, 0% used [0x00000000f1780000,0x00000000f1780000,0x00000000f2480000)
 ParOldGen       total 129536K, used 37622K [0x00000000c0000000, 0x00000000c7e80000, 0x00000000eab00000)
  object space 129536K, 29% used [0x00000000c0000000,0x00000000c24bd870,0x00000000c7e80000)
 Metaspace       used 6247K, capacity 7128K, committed 7424K, reserved 1056768K
  class space    used 620K, capacity 656K, committed 768K, reserved 1048576K
Event: 5.321 GC heap after
Heap after GC invocations=20 (full 0):
 PSYoungGen      total 109568K, used 10460K [0x00000000eab00000, 0x00000000f2780000, 0x0000000100000000)
  eden space 96256K, 0% used [0x00000000eab00000,0x00000000eab00000,0x00000000f0900000)
  from space 13312K, 78% used [0x00000000f1780000,0x00000000f21b73f8,0x00000000f2480000)
  to   space 14848K, 0% used [0x00000000f0900000,0x00000000f0900000,0x00000000f1780000)
 ParOldGen       total 129536K, used 47563K [0x00000000c0000000, 0x00000000c7e80000, 0x00000000eab00000)
  object space 129536K, 36% used [0x00000000c0000000,0x00000000c2e72fe0,0x00000000c7e80000)
 Metaspace       used 6247K, capacity 7128K, committed 7424K, reserved 1056768K
  class space    used 620K, capacity 656K, committed 768K, reserved 1048576K
}
Event: 6.161 GC heap before
{Heap before GC invocations=21 (full 0):
 PSYoungGen      total 109568K, used 106716K [0x00000000eab00000, 0x00000000f2780000, 0x0000000100000000)
  eden space 96256K, 100% used [0x00000000eab00000,0x00000000f0900000,0x00000000f0900000)
  from space 13312K, 78% used [0x00000000f1780000,0x00000000f21b73f8,0x00000000f2480000)
  to   space 14848K, 0% used [0x00000000f0900000,0x00000000f0900000,0x00000000f1780000)
 ParOldGen       total 129536K, used 47563K [0x00000000c0000000, 0x00000000c7e80000, 0x00000000eab00000)
  object space 129536K, 36% used [0x00000000c0000000,0x00000000c2e72fe0,0x00000000c7e80000)
 Metaspace       used 6252K, capacity 7128K, committed 7424K, reserved 1056768K
  class space    used 620K, capacity 656K, committed 768K, reserved 1048576K
Event: 6.265 GC heap after
Heap after GC invocations=21 (full 0):
 PSYoungGen      total 111104K, used 14819K [0x00000000eab00000, 0x00000000f2780000, 0x0000000100000000)
  eden space 96256K, 0% used [0x00000000eab00000,0x00000000eab00000,0x00000000f0900000)
  from space 14848K, 99% used [0x00000000f0900000,0x00000000f1778c18,0x00000000f1780000)
  to   space 13312K, 0% used [0x00000000f1780000,0x00000000f1780000,0x00000000f2480000)
 ParOldGen       total 129536K, used 57878K [0x00000000c0000000, 0x00000000c7e80000, 0x00000000eab00000)
  object space 129536K, 44% used [0x00000000c0000000,0x00000000c3885b60,0x00000000c7e80000)
 Metaspace       used 6252K, capacity 7128K, committed 7424K, reserved 1056768K
  class space    used 620K, capacity 656K, committed 768K, reserved 1048576K
}

